TN:
SF:F:\School\cs410\Project\Cards-Against-Humanity\src\mocks.ts
FN:31,(anonymous_0)
FN:33,(anonymous_2)
FN:37,(anonymous_3)
FN:41,(anonymous_4)
FN:46,(anonymous_5)
FN:47,(anonymous_7)
FN:52,(anonymous_8)
FN:72,(anonymous_10)
FN:77,(anonymous_11)
FN:79,(anonymous_13)
FN:80,(anonymous_14)
FN:85,(anonymous_15)
FN:89,(anonymous_16)
FN:90,(anonymous_17)
FN:95,(anonymous_18)
FN:103,(anonymous_19)
FN:108,(anonymous_20)
FN:109,(anonymous_22)
FN:110,(anonymous_23)
FN:116,(anonymous_24)
FN:117,(anonymous_26)
FN:118,(anonymous_27)
FN:124,(anonymous_28)
FN:125,(anonymous_30)
FN:126,(anonymous_31)
FN:132,(anonymous_32)
FN:134,(anonymous_34)
FNF:27
FNH:10
FNDA:1,(anonymous_0)
FNDA:0,(anonymous_2)
FNDA:0,(anonymous_3)
FNDA:0,(anonymous_4)
FNDA:1,(anonymous_5)
FNDA:0,(anonymous_7)
FNDA:12,(anonymous_8)
FNDA:16,(anonymous_10)
FNDA:14,(anonymous_11)
FNDA:0,(anonymous_13)
FNDA:0,(anonymous_14)
FNDA:0,(anonymous_15)
FNDA:0,(anonymous_16)
FNDA:0,(anonymous_17)
FNDA:0,(anonymous_18)
FNDA:0,(anonymous_19)
FNDA:1,(anonymous_20)
FNDA:0,(anonymous_22)
FNDA:0,(anonymous_23)
FNDA:1,(anonymous_24)
FNDA:0,(anonymous_26)
FNDA:0,(anonymous_27)
FNDA:1,(anonymous_28)
FNDA:0,(anonymous_30)
FNDA:0,(anonymous_31)
FNDA:12,(anonymous_32)
FNDA:1,(anonymous_34)
DA:1,1
DA:2,1
DA:3,1
DA:8,1
DA:9,1
DA:10,100
DA:13,1
DA:14,1
DA:15,100
DA:18,1
DA:20,1
DA:31,1
DA:33,1
DA:34,0
DA:37,1
DA:38,0
DA:41,1
DA:42,0
DA:44,1
DA:46,1
DA:47,1
DA:48,0
DA:50,1
DA:52,1
DA:53,11
DA:72,1
DA:73,16
DA:75,1
DA:77,1
DA:79,1
DA:80,0
DA:81,0
DA:85,1
DA:86,0
DA:89,1
DA:90,0
DA:91,0
DA:95,1
DA:96,0
DA:103,1
DA:104,0
DA:106,1
DA:108,1
DA:109,1
DA:110,0
DA:111,0
DA:114,1
DA:116,1
DA:117,1
DA:118,0
DA:119,0
DA:122,1
DA:124,1
DA:125,1
DA:126,0
DA:127,0
DA:130,1
DA:132,1
DA:134,1
DA:135,1
DA:141,1
LF:61
LH:44
BRF:0
BRH:0
end_of_record
TN:
SF:F:\School\cs410\Project\Cards-Against-Humanity\src\polyfills.ts
FNF:0
FNH:0
DA:7,1
DA:8,1
DA:9,1
DA:10,1
DA:11,1
DA:12,1
DA:13,1
DA:14,1
DA:15,1
DA:16,1
DA:17,1
DA:18,1
DA:19,1
DA:20,1
DA:22,1
DA:23,1
LF:16
LH:16
BRF:0
BRH:0
end_of_record
TN:
SF:F:\School\cs410\Project\Cards-Against-Humanity\src\app\app.component.ts
FN:12,(anonymous_2)
FN:15,MyApp
FN:16,(anonymous_4)
FNF:3
FNH:2
FNDA:1,(anonymous_2)
FNDA:2,MyApp
FNDA:0,(anonymous_4)
DA:1,1
DA:2,1
DA:3,1
DA:6,1
DA:12,1
DA:13,2
DA:16,2
DA:19,0
DA:20,0
DA:23,1
LF:10
LH:8
BRDA:15,0,0,1
BRDA:15,0,1,0
BRDA:15,1,0,1
BRF:3
BRH:2
end_of_record
TN:
SF:F:\School\cs410\Project\Cards-Against-Humanity\src\components\progress-bar\progress-bar.ts
FN:9,(anonymous_2)
FN:13,ProgressBarComponent
FNF:2
FNH:2
FNDA:1,(anonymous_2)
FNDA:8,ProgressBarComponent
DA:1,1
DA:9,1
DA:11,1
DA:17,1
LF:4
LH:4
BRF:0
BRH:0
end_of_record
TN:
SF:F:\School\cs410\Project\Cards-Against-Humanity\src\data-classes\card-submission.ts
FN:10,(anonymous_0)
FN:14,CardSubmission
FN:20,(anonymous_2)
FN:30,(anonymous_3)
FNF:4
FNH:3
FNDA:1,(anonymous_0)
FNDA:27,CardSubmission
FNDA:1,(anonymous_2)
FNDA:0,(anonymous_3)
DA:10,1
DA:15,27
DA:16,27
DA:20,1
DA:22,1
DA:23,1
DA:26,1
DA:30,1
DA:31,0
DA:32,0
DA:33,0
DA:36,0
DA:38,1
LF:13
LH:9
BRDA:23,0,0,0
BRDA:23,0,1,1
BRDA:33,1,0,0
BRDA:33,1,1,0
BRF:4
BRH:1
end_of_record
TN:
SF:F:\School\cs410\Project\Cards-Against-Humanity\src\data-classes\card.ts
FN:10,(anonymous_0)
FN:14,Card
FN:20,(anonymous_2)
FN:28,(anonymous_3)
FNF:4
FNH:4
FNDA:1,(anonymous_0)
FNDA:9523,Card
FNDA:3,(anonymous_2)
FNDA:300,(anonymous_3)
DA:10,1
DA:15,9523
DA:16,9523
DA:20,1
DA:21,3
DA:22,6
DA:24,1
DA:28,1
DA:29,300
DA:30,3116
DA:32,58
DA:34,1
LF:12
LH:12
BRDA:22,0,0,2
BRDA:22,0,1,4
BRDA:30,1,0,242
BRDA:30,1,1,2874
BRF:4
BRH:4
end_of_record
TN:
SF:F:\School\cs410\Project\Cards-Against-Humanity\src\data-classes\deck.ts
FN:11,(anonymous_0)
FN:17,Deck
FN:36,(anonymous_2)
FN:47,(anonymous_3)
FN:58,(anonymous_4)
FN:71,(anonymous_5)
FN:86,(anonymous_6)
FN:98,(anonymous_7)
FN:104,(anonymous_8)
FN:110,(anonymous_9)
FN:130,(anonymous_10)
FN:140,(anonymous_11)
FN:159,(anonymous_12)
FNF:13
FNH:10
FNDA:1,(anonymous_0)
FNDA:59,Deck
FNDA:9912,(anonymous_2)
FNDA:0,(anonymous_3)
FNDA:8,(anonymous_4)
FNDA:0,(anonymous_5)
FNDA:8,(anonymous_6)
FNDA:21,(anonymous_7)
FNDA:8,(anonymous_8)
FNDA:29,(anonymous_9)
FNDA:33,(anonymous_10)
FNDA:0,(anonymous_11)
FNDA:8,(anonymous_12)
DA:5,1
DA:6,1
DA:11,1
DA:18,59
DA:20,59
DA:21,42
DA:23,17
DA:26,59
DA:27,2
DA:29,57
DA:32,59
DA:36,1
DA:37,9912
DA:38,8620
DA:39,1292
DA:40,1292
DA:42,0
DA:47,1
DA:48,0
DA:49,0
DA:50,0
DA:51,0
DA:53,0
DA:58,1
DA:59,8
DA:60,8
DA:61,8
DA:63,8
DA:65,8
DA:66,8
DA:67,8
DA:71,1
DA:72,0
DA:73,0
DA:86,1
DA:88,8
DA:89,800
DA:90,800
DA:91,800
DA:92,800
DA:98,1
DA:99,21
DA:104,1
DA:105,8
DA:110,1
DA:111,29
DA:112,29
DA:113,29
DA:114,267
DA:116,267
DA:117,29
DA:118,29
DA:119,29
DA:120,29
DA:124,0
DA:126,0
DA:130,1
DA:131,33
DA:132,33
DA:133,29
DA:135,4
DA:140,1
DA:141,0
DA:142,0
DA:159,1
DA:161,8
DA:163,8
DA:165,40
DA:168,8
DA:169,8
DA:170,8
DA:171,8
DA:172,8
DA:173,8
DA:174,8
DA:175,800
DA:178,8
DA:180,1
LF:78
LH:66
BRDA:20,0,0,42
BRDA:20,0,1,17
BRDA:26,1,0,2
BRDA:26,1,1,57
BRDA:37,2,0,8620
BRDA:37,2,1,1292
BRDA:39,3,0,1292
BRDA:39,3,1,0
BRDA:48,4,0,0
BRDA:48,4,1,0
BRDA:50,5,0,0
BRDA:50,5,1,0
BRDA:112,6,0,21
BRDA:112,6,1,8
BRDA:114,7,0,267
BRDA:114,7,1,0
BRDA:116,8,0,29
BRDA:116,8,1,238
BRDA:132,9,0,29
BRDA:132,9,1,4
BRF:20
BRH:14
end_of_record
TN:
SF:F:\School\cs410\Project\Cards-Against-Humanity\src\data-classes\player.ts
FN:10,(anonymous_5)
FN:14,Player
FN:20,(anonymous_7)
FN:26,(anonymous_8)
FN:36,(anonymous_9)
FN:43,(anonymous_10)
FNF:6
FNH:5
FNDA:1,(anonymous_5)
FNDA:50,Player
FNDA:0,(anonymous_7)
FNDA:11,(anonymous_8)
FNDA:8,(anonymous_9)
FNDA:32,(anonymous_10)
DA:5,1
DA:10,1
DA:15,50
DA:16,50
DA:20,1
DA:21,0
DA:26,1
DA:27,11
DA:28,18
DA:30,0
DA:31,0
DA:32,0
DA:36,1
DA:37,8
DA:38,40
DA:39,40
DA:43,8
DA:44,32
DA:45,0
DA:46,0
DA:49,8
DA:51,1
LF:22
LH:16
BRDA:15,0,0,50
BRDA:15,0,1,50
BRDA:28,1,0,11
BRDA:28,1,1,7
BRDA:44,2,0,32
BRDA:44,2,1,0
BRDA:45,3,0,0
BRDA:45,3,1,0
BRF:8
BRH:5
end_of_record
TN:
SF:F:\School\cs410\Project\Cards-Against-Humanity\src\data-classes\pubnub-msg.ts
FN:17,(anonymous_0)
FN:21,PubNubMsg
FNF:2
FNH:2
FNDA:1,(anonymous_0)
FNDA:64,PubNubMsg
DA:17,1
DA:22,64
DA:23,64
DA:25,1
LF:4
LH:4
BRF:0
BRH:0
end_of_record
TN:
SF:F:\School\cs410\Project\Cards-Against-Humanity\src\data-classes\room.ts
FN:11,(anonymous_0)
FN:23,Room
FNF:2
FNH:2
FNDA:1,(anonymous_0)
FNDA:9,Room
DA:2,1
DA:11,1
DA:25,9
DA:26,9
DA:27,9
DA:28,9
DA:29,9
DA:31,9
DA:32,9
DA:34,0
DA:37,9
DA:38,9
DA:40,0
DA:43,9
DA:44,8
DA:46,1
DA:49,9
DA:58,1
LF:18
LH:16
BRDA:31,0,0,9
BRDA:31,0,1,0
BRDA:37,1,0,9
BRDA:37,1,1,0
BRDA:43,2,0,8
BRDA:43,2,1,1
BRF:6
BRH:4
end_of_record
TN:
SF:F:\School\cs410\Project\Cards-Against-Humanity\src\data-classes\user.ts
FN:8,(anonymous_0)
FN:15,User
FN:45,(anonymous_2)
FNF:3
FNH:2
FNDA:1,(anonymous_0)
FNDA:1747,User
FNDA:0,(anonymous_2)
DA:8,1
DA:16,1747
DA:18,1747
DA:19,1737
DA:21,10
DA:24,1747
DA:25,1697
DA:27,50
DA:30,1747
DA:31,404
DA:33,1343
DA:36,1747
DA:37,206
DA:39,1541
DA:45,1
DA:46,0
DA:48,1
LF:17
LH:16
BRDA:18,0,0,1737
BRDA:18,0,1,10
BRDA:24,1,0,1697
BRDA:24,1,1,50
BRDA:30,2,0,404
BRDA:30,2,1,1343
BRDA:36,3,0,206
BRDA:36,3,1,1541
BRF:8
BRH:8
end_of_record
TN:
SF:F:\School\cs410\Project\Cards-Against-Humanity\src\pages\game\game-play.ts
FN:19,(anonymous_0)
FN:54,GamePlay
FN:107,(anonymous_2)
FN:118,(anonymous_3)
FN:125,(anonymous_4)
FN:129,(anonymous_5)
FN:147,(anonymous_6)
FN:166,(anonymous_7)
FN:177,(anonymous_8)
FN:205,(anonymous_9)
FN:215,(anonymous_10)
FN:223,(anonymous_11)
FN:233,(anonymous_12)
FN:243,(anonymous_13)
FN:254,(anonymous_14)
FN:270,(anonymous_15)
FN:296,(anonymous_16)
FN:306,(anonymous_17)
FN:320,(anonymous_18)
FN:326,(anonymous_19)
FN:339,(anonymous_20)
FN:347,(anonymous_21)
FN:359,(anonymous_22)
FN:372,(anonymous_23)
FN:384,(anonymous_24)
FN:438,(anonymous_25)
FN:484,(anonymous_26)
FN:540,(anonymous_27)
FNF:28
FNH:23
FNDA:1,(anonymous_0)
FNDA:8,GamePlay
FNDA:0,(anonymous_2)
FNDA:0,(anonymous_3)
FNDA:0,(anonymous_4)
FNDA:0,(anonymous_5)
FNDA:4,(anonymous_6)
FNDA:11,(anonymous_7)
FNDA:6,(anonymous_8)
FNDA:2,(anonymous_9)
FNDA:3,(anonymous_10)
FNDA:2,(anonymous_11)
FNDA:2,(anonymous_12)
FNDA:1,(anonymous_13)
FNDA:3,(anonymous_14)
FNDA:2,(anonymous_15)
FNDA:5,(anonymous_16)
FNDA:17,(anonymous_17)
FNDA:1,(anonymous_18)
FNDA:1,(anonymous_19)
FNDA:13,(anonymous_20)
FNDA:7,(anonymous_21)
FNDA:8,(anonymous_22)
FNDA:56,(anonymous_23)
FNDA:64,(anonymous_24)
FNDA:1,(anonymous_25)
FNDA:0,(anonymous_26)
FNDA:2,(anonymous_27)
DA:5,1
DA:6,1
DA:8,1
DA:9,1
DA:10,1
DA:11,1
DA:19,1
DA:65,8
DA:66,8
DA:67,8
DA:68,8
DA:70,8
DA:71,8
DA:72,8
DA:73,8
DA:75,8
DA:76,8
DA:77,8
DA:78,8
DA:79,8
DA:80,8
DA:81,8
DA:82,8
DA:83,8
DA:84,8
DA:85,8
DA:86,8
DA:87,8
DA:88,8
DA:89,8
DA:92,8
DA:94,8
DA:95,0
DA:103,0
DA:106,0
DA:108,0
DA:110,0
DA:111,0
DA:114,0
DA:126,0
DA:130,0
DA:135,0
DA:147,1
DA:148,4
DA:151,4
DA:152,16
DA:153,16
DA:154,16
DA:161,4
DA:162,4
DA:166,1
DA:167,11
DA:168,4
DA:170,7
DA:171,7
DA:173,11
DA:177,1
DA:178,6
DA:179,6
DA:180,6
DA:181,3
DA:182,3
DA:183,3
DA:184,3
DA:185,3
DA:186,3
DA:188,3
DA:189,3
DA:190,2
DA:192,1
DA:195,3
DA:196,3
DA:197,3
DA:198,3
DA:205,1
DA:206,2
DA:207,2
DA:208,2
DA:209,2
DA:210,2
DA:211,2
DA:215,1
DA:218,3
DA:219,3
DA:223,1
DA:224,2
DA:225,2
DA:226,10
DA:227,2
DA:233,1
DA:234,2
DA:235,10
DA:236,0
DA:239,2
DA:243,1
DA:244,1
DA:245,1
DA:246,5
DA:247,2
DA:250,1
DA:254,1
DA:255,3
DA:256,3
DA:257,3
DA:259,3
DA:261,3
DA:262,3
DA:263,3
DA:265,3
DA:266,3
DA:270,1
DA:271,2
DA:272,2
DA:273,2
DA:277,2
DA:278,2
DA:280,2
DA:282,2
DA:283,2
DA:296,1
DA:297,5
DA:300,0
DA:301,0
DA:306,1
DA:307,17
DA:309,17
DA:310,0
DA:315,17
DA:320,1
DA:326,1
DA:328,1
DA:331,1
DA:332,0
DA:339,1
DA:340,13
DA:341,13
DA:342,13
DA:343,13
DA:344,13
DA:347,1
DA:348,7
DA:349,24
DA:350,24
DA:351,21
DA:355,7
DA:359,1
DA:361,8
DA:362,5
DA:363,3
DA:365,3
DA:372,1
DA:375,56
DA:376,56
DA:384,1
DA:386,64
DA:387,64
DA:389,0
DA:392,0
DA:395,64
DA:396,64
DA:398,64
DA:401,5
DA:403,5
DA:405,1
DA:406,4
DA:410,5
DA:414,1
DA:416,1
DA:419,1
DA:423,1
DA:427,21
DA:428,21
DA:431,21
DA:432,7
DA:433,7
DA:434,4
DA:435,4
DA:437,4
DA:438,4
DA:440,3
DA:441,3
DA:444,21
DA:448,6
DA:450,6
DA:451,4
DA:452,4
DA:453,4
DA:455,2
DA:456,2
DA:457,2
DA:460,2
DA:461,2
DA:463,6
DA:467,2
DA:468,2
DA:470,2
DA:471,2
DA:472,2
DA:473,2
DA:474,2
DA:477,2
DA:478,0
DA:479,0
DA:480,0
DA:483,0
DA:484,0
DA:485,0
DA:491,2
DA:492,2
DA:497,2
DA:500,15
DA:501,15
DA:502,15
DA:503,3
DA:504,3
DA:507,3
DA:508,3
DA:512,15
DA:515,11
DA:516,11
DA:517,11
DA:518,11
DA:519,11
DA:520,11
DA:522,11
DA:523,5
DA:524,5
DA:526,6
DA:528,5
DA:529,5
DA:530,5
DA:536,6
DA:537,6
DA:539,6
DA:540,6
DA:542,11
DA:545,3
DA:547,3
DA:548,2
DA:549,2
DA:550,2
DA:551,2
DA:554,2
DA:556,2
DA:557,2
DA:561,1
DA:565,1
DA:567,1
DA:570,0
DA:577,1
DA:580,0
DA:585,3
DA:586,0
DA:587,0
DA:592,3
DA:593,3
DA:594,3
DA:595,3
DA:598,3
DA:599,2
DA:600,2
DA:602,2
DA:603,0
DA:604,0
DA:605,0
DA:607,0
DA:608,0
DA:616,1
DA:617,1
DA:618,1
DA:619,1
DA:621,3
DA:627,1
LF:273
LH:241
BRDA:88,0,0,8
BRDA:88,0,1,0
BRDA:94,1,0,0
BRDA:94,1,1,8
BRDA:108,2,0,0
BRDA:108,2,1,0
BRDA:110,3,0,0
BRDA:110,3,1,0
BRDA:153,4,0,16
BRDA:153,4,1,0
BRDA:167,5,0,4
BRDA:167,5,1,7
BRDA:180,6,0,3
BRDA:180,6,1,3
BRDA:189,7,0,2
BRDA:189,7,1,1
BRDA:195,8,0,3
BRDA:195,8,1,0
BRDA:226,9,0,2
BRDA:226,9,1,8
BRDA:235,10,0,0
BRDA:235,10,1,10
BRDA:246,11,0,2
BRDA:246,11,1,3
BRDA:297,12,0,0
BRDA:297,12,1,5
BRDA:309,13,0,0
BRDA:309,13,1,17
BRDA:331,14,0,0
BRDA:331,14,1,1
BRDA:350,15,0,21
BRDA:350,15,1,3
BRDA:350,16,0,24
BRDA:350,16,1,21
BRDA:361,17,0,5
BRDA:361,17,1,3
BRDA:363,18,0,3
BRDA:363,18,1,0
BRDA:386,19,0,64
BRDA:386,19,1,0
BRDA:386,20,0,64
BRDA:386,20,1,64
BRDA:399,21,0,5
BRDA:399,21,1,1
BRDA:399,21,2,21
BRDA:399,21,3,6
BRDA:399,21,4,2
BRDA:399,21,5,15
BRDA:399,21,6,11
BRDA:399,21,7,3
BRDA:399,21,8,0
BRDA:403,22,0,1
BRDA:403,22,1,4
BRDA:406,23,0,0
BRDA:406,23,1,4
BRDA:414,24,0,1
BRDA:414,24,1,0
BRDA:431,25,0,7
BRDA:431,25,1,14
BRDA:433,26,0,4
BRDA:433,26,1,3
BRDA:450,27,0,4
BRDA:450,27,1,2
BRDA:477,28,0,0
BRDA:477,28,1,2
BRDA:483,29,0,0
BRDA:483,29,1,0
BRDA:502,30,0,3
BRDA:502,30,1,12
BRDA:522,31,0,5
BRDA:522,31,1,6
BRDA:526,32,0,5
BRDA:526,32,1,1
BRDA:529,33,0,5
BRDA:529,33,1,0
BRDA:547,34,0,2
BRDA:547,34,1,1
BRDA:554,35,0,2
BRDA:554,35,1,0
BRDA:561,36,0,1
BRDA:561,36,1,0
BRDA:567,37,0,0
BRDA:567,37,1,1
BRDA:585,38,0,0
BRDA:585,38,1,3
BRDA:586,39,0,0
BRDA:586,39,1,0
BRDA:598,40,0,2
BRDA:598,40,1,1
BRDA:600,41,0,2
BRDA:600,41,1,0
BRDA:602,42,0,0
BRDA:602,42,1,2
BRDA:603,43,0,0
BRDA:603,43,1,0
BRF:95
BRH:64
end_of_record
TN:
SF:F:\School\cs410\Project\Cards-Against-Humanity\src\pages\game\game-renderer-stub.ts
FN:18,(anonymous_0)
FN:31,GameRendererStub
FN:41,(anonymous_2)
FN:46,(anonymous_3)
FN:50,(anonymous_4)
FN:59,(anonymous_5)
FN:65,(anonymous_6)
FN:71,(anonymous_7)
FN:77,(anonymous_8)
FN:82,(anonymous_9)
FN:97,(anonymous_10)
FN:103,(anonymous_11)
FN:108,(anonymous_12)
FN:114,(anonymous_13)
FN:119,(anonymous_14)
FN:125,(anonymous_15)
FN:130,(anonymous_16)
FN:135,(anonymous_17)
FN:141,(anonymous_18)
FN:146,(anonymous_19)
FN:151,(anonymous_20)
FN:157,(anonymous_21)
FN:162,(anonymous_22)
FNF:23
FNH:18
FNDA:1,(anonymous_0)
FNDA:8,GameRendererStub
FNDA:5,(anonymous_2)
FNDA:0,(anonymous_3)
FNDA:0,(anonymous_4)
FNDA:4,(anonymous_5)
FNDA:2,(anonymous_6)
FNDA:0,(anonymous_7)
FNDA:2,(anonymous_8)
FNDA:3,(anonymous_9)
FNDA:6,(anonymous_10)
FNDA:3,(anonymous_11)
FNDA:7,(anonymous_12)
FNDA:6,(anonymous_13)
FNDA:5,(anonymous_14)
FNDA:31,(anonymous_15)
FNDA:6,(anonymous_16)
FNDA:19,(anonymous_17)
FNDA:4,(anonymous_18)
FNDA:17,(anonymous_19)
FNDA:1,(anonymous_20)
FNDA:0,(anonymous_21)
FNDA:0,(anonymous_22)
DA:18,1
DA:41,1
DA:42,5
DA:46,1
DA:47,0
DA:50,1
DA:51,0
DA:59,1
DA:60,4
DA:61,4
DA:65,1
DA:66,2
DA:67,2
DA:71,1
DA:72,0
DA:77,1
DA:78,2
DA:82,1
DA:83,3
DA:97,1
DA:98,6
DA:99,6
DA:103,1
DA:104,3
DA:108,1
DA:109,7
DA:110,7
DA:114,1
DA:115,6
DA:119,1
DA:120,5
DA:121,5
DA:125,1
DA:126,31
DA:130,1
DA:131,6
DA:135,1
DA:136,19
DA:141,1
DA:142,4
DA:146,1
DA:147,17
DA:151,1
DA:152,1
DA:153,1
DA:157,1
DA:158,0
DA:162,1
DA:163,0
DA:165,1
LF:50
LH:45
BRF:0
BRH:0
end_of_record
TN:
SF:F:\School\cs410\Project\Cards-Against-Humanity\src\pages\game\game.ts
FN:31,(anonymous_2)
FN:48,GamePage
FN:86,(anonymous_4)
FN:107,(anonymous_5)
FN:118,(anonymous_6)
FN:124,(anonymous_7)
FN:129,(anonymous_8)
FN:150,(anonymous_9)
FN:156,(anonymous_10)
FN:162,(anonymous_11)
FN:168,(anonymous_12)
FN:180,(anonymous_13)
FN:192,(anonymous_14)
FN:197,(anonymous_15)
FN:203,(anonymous_16)
FN:209,(anonymous_17)
FN:214,(anonymous_18)
FN:219,(anonymous_19)
FN:226,(anonymous_20)
FN:231,(anonymous_21)
FN:236,(anonymous_22)
FN:248,(anonymous_23)
FN:255,(anonymous_24)
FN:262,(anonymous_25)
FN:269,(anonymous_26)
FN:272,(anonymous_27)
FN:282,(anonymous_28)
FN:291,(anonymous_29)
FN:294,(anonymous_30)
FN:304,(anonymous_31)
FN:312,(anonymous_32)
FN:318,(anonymous_33)
FN:323,(anonymous_34)
FN:357,(anonymous_35)
FN:358,ScoreModalPage
FN:362,(anonymous_37)
FN:396,(anonymous_38)
FN:397,EndGameModalPage
FN:401,(anonymous_40)
FNF:39
FNH:7
FNDA:1,(anonymous_2)
FNDA:8,GamePage
FNDA:0,(anonymous_4)
FNDA:0,(anonymous_5)
FNDA:0,(anonymous_6)
FNDA:0,(anonymous_7)
FNDA:0,(anonymous_8)
FNDA:1,(anonymous_9)
FNDA:1,(anonymous_10)
FNDA:1,(anonymous_11)
FNDA:0,(anonymous_12)
FNDA:0,(anonymous_13)
FNDA:0,(anonymous_14)
FNDA:0,(anonymous_15)
FNDA:0,(anonymous_16)
FNDA:0,(anonymous_17)
FNDA:0,(anonymous_18)
FNDA:0,(anonymous_19)
FNDA:0,(anonymous_20)
FNDA:0,(anonymous_21)
FNDA:0,(anonymous_22)
FNDA:0,(anonymous_23)
FNDA:0,(anonymous_24)
FNDA:0,(anonymous_25)
FNDA:0,(anonymous_26)
FNDA:0,(anonymous_27)
FNDA:0,(anonymous_28)
FNDA:0,(anonymous_29)
FNDA:0,(anonymous_30)
FNDA:0,(anonymous_31)
FNDA:0,(anonymous_32)
FNDA:0,(anonymous_33)
FNDA:0,(anonymous_34)
FNDA:1,(anonymous_35)
FNDA:0,ScoreModalPage
FNDA:0,(anonymous_37)
FNDA:1,(anonymous_38)
FNDA:0,EndGameModalPage
FNDA:0,(anonymous_40)
DA:8,1
DA:9,1
DA:10,1
DA:11,1
DA:13,1
DA:17,1
DA:18,1
DA:31,1
DA:43,8
DA:48,8
DA:49,8
DA:50,8
DA:51,8
DA:52,8
DA:53,8
DA:57,8
DA:58,8
DA:62,8
DA:66,8
DA:69,8
DA:71,8
DA:73,8
DA:82,8
DA:83,8
DA:86,1
DA:90,0
DA:102,0
DA:104,0
DA:107,1
DA:109,0
DA:118,1
DA:119,0
DA:120,0
DA:124,1
DA:125,0
DA:126,0
DA:129,1
DA:130,0
DA:131,0
DA:139,8
DA:150,1
DA:151,1
DA:152,1
DA:156,1
DA:157,1
DA:158,1
DA:162,1
DA:163,1
DA:164,1
DA:168,1
DA:170,0
DA:172,0
DA:174,0
DA:182,0
DA:188,0
DA:192,1
DA:193,0
DA:197,1
DA:203,1
DA:209,1
DA:210,0
DA:214,1
DA:215,0
DA:219,1
DA:221,0
DA:222,0
DA:226,1
DA:227,0
DA:231,1
DA:232,0
DA:236,1
DA:237,0
DA:245,0
DA:248,1
DA:250,0
DA:255,1
DA:256,0
DA:257,0
DA:258,0
DA:262,1
DA:263,0
DA:264,0
DA:269,1
DA:271,0
DA:272,0
DA:273,0
DA:274,0
DA:278,0
DA:282,1
DA:284,0
DA:286,0
DA:291,1
DA:293,0
DA:294,0
DA:295,0
DA:296,0
DA:300,0
DA:304,1
DA:306,0
DA:307,0
DA:308,0
DA:312,1
DA:314,0
DA:318,1
DA:319,0
DA:323,1
DA:324,0
DA:326,1
DA:357,1
DA:358,0
DA:362,1
DA:363,0
DA:365,1
DA:396,1
DA:397,0
DA:401,1
DA:402,0
DA:403,0
DA:405,1
LF:119
LH:66
BRDA:273,0,0,0
BRDA:273,0,1,0
BRDA:295,1,0,0
BRDA:295,1,1,0
BRDA:48,2,0,1
BRDA:48,2,1,0
BRDA:48,3,0,1
BRDA:48,4,0,1
BRDA:48,4,1,1
BRDA:48,4,2,0
BRDA:48,5,0,1
BRDA:48,5,1,1
BRDA:49,6,0,1
BRDA:49,6,1,1
BRDA:49,6,2,0
BRDA:49,7,0,1
BRDA:49,7,1,1
BRDA:50,8,0,1
BRDA:50,8,1,1
BRDA:50,8,2,0
BRDA:50,9,0,1
BRDA:50,9,1,1
BRDA:51,10,0,1
BRDA:51,10,1,1
BRDA:51,10,2,0
BRDA:51,11,0,1
BRDA:51,11,1,1
BRDA:52,12,0,1
BRDA:52,12,1,1
BRDA:52,12,2,0
BRDA:52,13,0,1
BRDA:52,13,1,1
BRDA:358,14,0,1
BRDA:358,14,1,0
BRDA:358,15,0,1
BRDA:358,16,0,1
BRDA:358,16,1,1
BRDA:358,16,2,0
BRDA:358,17,0,1
BRDA:358,17,1,1
BRDA:358,18,0,1
BRDA:358,18,1,1
BRDA:358,18,2,0
BRDA:358,19,0,1
BRDA:358,19,1,1
BRDA:397,20,0,1
BRDA:397,20,1,0
BRDA:397,21,0,1
BRDA:397,22,0,1
BRDA:397,22,1,1
BRDA:397,22,2,0
BRDA:397,23,0,1
BRDA:397,23,1,1
BRDA:397,24,0,1
BRDA:397,24,1,1
BRDA:397,24,2,0
BRDA:397,25,0,1
BRDA:397,25,1,1
BRDA:397,26,0,1
BRDA:397,26,1,1
BRDA:397,26,2,0
BRDA:397,27,0,1
BRDA:397,27,1,1
BRF:63
BRH:46
end_of_record
TN:
SF:F:\School\cs410\Project\Cards-Against-Humanity\src\pages\home\home.ts
FN:13,(anonymous_2)
FN:22,HomePage
FN:27,(anonymous_4)
FN:39,(anonymous_5)
FN:45,(anonymous_6)
FN:52,(anonymous_7)
FN:74,(anonymous_8)
FN:80,(anonymous_9)
FN:86,(anonymous_10)
FN:106,(anonymous_11)
FN:116,(anonymous_12)
FN:120,(anonymous_13)
FN:123,(anonymous_14)
FN:132,(anonymous_15)
FNF:14
FNH:2
FNDA:1,(anonymous_2)
FNDA:1,HomePage
FNDA:0,(anonymous_4)
FNDA:0,(anonymous_5)
FNDA:0,(anonymous_6)
FNDA:0,(anonymous_7)
FNDA:0,(anonymous_8)
FNDA:0,(anonymous_9)
FNDA:0,(anonymous_10)
FNDA:0,(anonymous_11)
FNDA:0,(anonymous_12)
FNDA:0,(anonymous_13)
FNDA:0,(anonymous_14)
FNDA:0,(anonymous_15)
DA:1,1
DA:2,1
DA:3,1
DA:4,1
DA:5,1
DA:13,1
DA:17,1
DA:18,1
DA:19,1
DA:20,1
DA:22,1
DA:23,1
DA:27,1
DA:39,1
DA:40,0
DA:42,0
DA:44,0
DA:45,0
DA:46,0
DA:47,0
DA:52,1
DA:53,0
DA:54,0
DA:55,0
DA:60,0
DA:63,0
DA:68,0
DA:74,1
DA:75,0
DA:77,0
DA:79,0
DA:80,0
DA:81,0
DA:86,1
DA:87,0
DA:88,0
DA:93,0
DA:96,0
DA:101,0
DA:106,1
DA:107,0
DA:109,0
DA:116,1
DA:117,0
DA:120,1
DA:121,0
DA:122,0
DA:126,0
DA:129,0
DA:130,0
DA:133,0
DA:139,1
LF:52
LH:21
BRDA:54,0,0,0
BRDA:54,0,1,0
BRDA:87,1,0,0
BRDA:87,1,1,0
BRDA:22,2,0,1
BRDA:22,2,1,0
BRDA:22,3,0,1
BRDA:22,4,0,1
BRDA:22,4,1,1
BRDA:22,4,2,0
BRDA:22,5,0,1
BRDA:22,5,1,1
BRF:12
BRH:6
end_of_record
TN:
SF:F:\School\cs410\Project\Cards-Against-Humanity\src\pages\login\login.ts
FN:21,(anonymous_2)
FN:24,LoginPage
FN:27,(anonymous_4)
FN:31,(anonymous_5)
FN:39,(anonymous_6)
FN:44,(anonymous_7)
FN:51,(anonymous_8)
FN:57,(anonymous_9)
FN:106,(anonymous_10)
FN:110,SignUpModalPage
FN:114,(anonymous_12)
FN:122,(anonymous_13)
FN:127,(anonymous_14)
FN:132,(anonymous_15)
FNF:14
FNH:3
FNDA:1,(anonymous_2)
FNDA:1,LoginPage
FNDA:0,(anonymous_4)
FNDA:0,(anonymous_5)
FNDA:0,(anonymous_6)
FNDA:0,(anonymous_7)
FNDA:0,(anonymous_8)
FNDA:0,(anonymous_9)
FNDA:1,(anonymous_10)
FNDA:0,SignUpModalPage
FNDA:0,(anonymous_12)
FNDA:0,(anonymous_13)
FNDA:0,(anonymous_14)
FNDA:0,(anonymous_15)
DA:1,1
DA:2,1
DA:5,1
DA:7,1
DA:21,1
DA:22,1
DA:23,1
DA:24,1
DA:27,1
DA:28,0
DA:31,1
DA:32,0
DA:34,0
DA:38,0
DA:39,0
DA:40,0
DA:44,1
DA:45,0
DA:46,0
DA:47,0
DA:51,1
DA:52,0
DA:53,0
DA:57,1
DA:60,1
DA:106,1
DA:107,0
DA:108,0
DA:110,0
DA:111,0
DA:114,1
DA:115,0
DA:117,0
DA:121,0
DA:122,0
DA:123,0
DA:127,1
DA:128,0
DA:129,0
DA:132,1
DA:133,0
DA:136,1
LF:42
LH:19
BRDA:45,0,0,0
BRDA:45,0,1,0
BRDA:24,1,0,1
BRDA:24,1,1,0
BRDA:24,2,0,1
BRDA:24,3,0,1
BRDA:24,3,1,1
BRDA:24,3,2,0
BRDA:24,4,0,1
BRDA:24,4,1,1
BRDA:24,5,0,1
BRDA:24,5,1,1
BRDA:24,5,2,0
BRDA:24,6,0,1
BRDA:24,6,1,1
BRDA:110,7,0,1
BRDA:110,7,1,0
BRDA:110,8,0,1
BRDA:110,9,0,1
BRDA:110,9,1,1
BRDA:110,9,2,0
BRDA:110,10,0,1
BRDA:110,10,1,1
BRF:23
BRH:16
end_of_record
TN:
SF:F:\School\cs410\Project\Cards-Against-Humanity\src\pages\room-list\room-list.ts
FN:25,(anonymous_2)
FN:34,RoomListPage
FN:43,(anonymous_4)
FN:49,(anonymous_5)
FN:52,(anonymous_6)
FN:59,(anonymous_7)
FN:70,(anonymous_8)
FN:77,(anonymous_9)
FN:78,(anonymous_10)
FN:85,(anonymous_11)
FN:99,(anonymous_12)
FN:104,(anonymous_13)
FN:107,(anonymous_14)
FN:123,(anonymous_15)
FNF:14
FNH:2
FNDA:1,(anonymous_2)
FNDA:1,RoomListPage
FNDA:0,(anonymous_4)
FNDA:0,(anonymous_5)
FNDA:0,(anonymous_6)
FNDA:0,(anonymous_7)
FNDA:0,(anonymous_8)
FNDA:0,(anonymous_9)
FNDA:0,(anonymous_10)
FNDA:0,(anonymous_11)
FNDA:0,(anonymous_12)
FNDA:0,(anonymous_13)
FNDA:0,(anonymous_14)
FNDA:0,(anonymous_15)
DA:1,1
DA:2,1
DA:14,1
DA:15,1
DA:18,1
DA:25,1
DA:27,1
DA:29,1
DA:34,1
DA:35,1
DA:36,1
DA:37,1
DA:38,1
DA:39,1
DA:40,1
DA:43,1
DA:44,0
DA:45,0
DA:49,1
DA:50,0
DA:51,0
DA:52,0
DA:53,0
DA:59,1
DA:60,0
DA:61,0
DA:63,0
DA:64,0
DA:65,0
DA:67,0
DA:68,0
DA:69,0
DA:70,0
DA:71,0
DA:75,0
DA:76,0
DA:77,0
DA:78,0
DA:79,0
DA:85,1
DA:86,0
DA:105,0
DA:106,0
DA:107,0
DA:108,0
DA:112,0
DA:113,0
DA:119,0
DA:123,1
DA:124,0
DA:125,0
DA:126,0
DA:130,1
LF:53
LH:21
BRDA:50,0,0,0
BRDA:50,0,1,0
BRDA:63,1,0,0
BRDA:63,1,1,0
BRDA:67,2,0,0
BRDA:67,2,1,0
BRDA:105,3,0,0
BRDA:105,3,1,0
BRDA:27,4,0,1
BRDA:27,4,1,0
BRDA:27,5,0,1
BRDA:34,6,0,1
BRDA:34,6,1,0
BRDA:34,7,0,1
BRDA:34,8,0,1
BRDA:34,8,1,1
BRDA:34,8,2,0
BRDA:34,9,0,1
BRDA:34,9,1,1
BRDA:35,10,0,1
BRDA:35,10,1,1
BRDA:35,10,2,0
BRDA:35,11,0,1
BRDA:35,11,1,1
BRDA:36,12,0,1
BRDA:36,12,1,1
BRDA:36,12,2,0
BRDA:36,13,0,1
BRDA:36,13,1,1
BRDA:37,14,0,1
BRDA:37,14,1,1
BRDA:37,14,2,0
BRDA:37,15,0,1
BRDA:37,15,1,1
BRF:34
BRH:20
end_of_record
TN:
SF:F:\School\cs410\Project\Cards-Against-Humanity\src\pages\room-setup\room-setup.ts
FN:22,(anonymous_2)
FN:27,RoomSetupPage
FN:33,(anonymous_4)
FN:37,(anonymous_5)
FN:46,(anonymous_6)
FN:65,(anonymous_7)
FN:66,(anonymous_8)
FN:74,(anonymous_9)
FNF:8
FNH:2
FNDA:1,(anonymous_2)
FNDA:1,RoomSetupPage
FNDA:0,(anonymous_4)
FNDA:0,(anonymous_5)
FNDA:0,(anonymous_6)
FNDA:0,(anonymous_7)
FNDA:0,(anonymous_8)
FNDA:0,(anonymous_9)
DA:1,1
DA:2,1
DA:4,1
DA:6,1
DA:9,1
DA:22,1
DA:23,1
DA:24,1
DA:27,1
DA:28,1
DA:29,1
DA:30,1
DA:33,1
DA:34,0
DA:37,1
DA:38,0
DA:39,0
DA:40,0
DA:42,0
DA:46,1
DA:47,0
DA:49,0
DA:55,0
DA:56,0
DA:59,0
DA:60,0
DA:62,0
DA:63,0
DA:65,0
DA:66,0
DA:67,0
DA:74,1
DA:75,0
DA:78,1
LF:34
LH:17
BRDA:39,0,0,0
BRDA:39,0,1,0
BRDA:55,1,0,0
BRDA:55,1,1,0
BRDA:27,2,0,1
BRDA:27,2,1,0
BRDA:27,3,0,1
BRDA:27,4,0,1
BRDA:27,4,1,1
BRDA:27,4,2,0
BRDA:27,5,0,1
BRDA:27,5,1,1
BRDA:28,6,0,1
BRDA:28,6,1,1
BRDA:28,6,2,0
BRDA:28,7,0,1
BRDA:28,7,1,1
BRF:17
BRH:10
end_of_record
TN:
SF:F:\School\cs410\Project\Cards-Against-Humanity\src\pages\score-board\score-board.ts
FN:9,(anonymous_2)
FN:15,ScoreBoardPage
FN:17,(anonymous_4)
FN:22,(anonymous_5)
FN:24,(anonymous_6)
FNF:5
FNH:2
FNDA:1,(anonymous_2)
FNDA:1,ScoreBoardPage
FNDA:0,(anonymous_4)
FNDA:0,(anonymous_5)
FNDA:0,(anonymous_6)
DA:1,1
DA:2,1
DA:3,1
DA:9,1
DA:13,1
DA:15,1
DA:17,1
DA:18,0
DA:19,0
DA:22,1
DA:23,0
DA:24,0
DA:25,0
DA:26,0
DA:27,0
DA:31,1
LF:16
LH:9
BRDA:13,0,0,1
BRDA:13,0,1,0
BRDA:13,1,0,1
BRDA:15,2,0,1
BRDA:15,2,1,0
BRDA:15,3,0,1
BRF:6
BRH:4
end_of_record
TN:
SF:F:\School\cs410\Project\Cards-Against-Humanity\src\pages\tabs\tabs.ts
FN:14,(anonymous_2)
FN:21,TabsPage
FNF:2
FNH:1
FNDA:1,(anonymous_2)
FNDA:0,TabsPage
DA:1,1
DA:3,1
DA:5,1
DA:6,1
DA:7,1
DA:14,1
DA:15,0
DA:16,0
DA:17,0
DA:18,0
DA:22,1
LF:11
LH:7
BRF:0
BRH:0
end_of_record
TN:
SF:F:\School\cs410\Project\Cards-Against-Humanity\src\pages\waiting-room\waiting-room.ts
FN:16,(anonymous_2)
FN:23,WaitingRoomPage
FN:29,(anonymous_4)
FN:35,(anonymous_5)
FN:40,(anonymous_6)
FN:42,(anonymous_7)
FN:45,(anonymous_8)
FN:56,(anonymous_9)
FN:66,(anonymous_10)
FN:68,(anonymous_11)
FNF:10
FNH:2
FNDA:1,(anonymous_2)
FNDA:2,WaitingRoomPage
FNDA:0,(anonymous_4)
FNDA:0,(anonymous_5)
FNDA:0,(anonymous_6)
FNDA:0,(anonymous_7)
FNDA:0,(anonymous_8)
FNDA:0,(anonymous_9)
FNDA:0,(anonymous_10)
FNDA:0,(anonymous_11)
DA:1,1
DA:2,1
DA:7,1
DA:8,1
DA:9,1
DA:16,1
DA:20,2
DA:23,2
DA:24,2
DA:25,2
DA:29,1
DA:30,0
DA:31,0
DA:35,1
DA:40,1
DA:41,0
DA:42,0
DA:43,0
DA:44,0
DA:45,0
DA:46,0
DA:47,0
DA:50,0
DA:56,1
DA:57,0
DA:58,0
DA:60,0
DA:66,1
DA:67,0
DA:68,0
DA:69,0
DA:72,1
LF:32
LH:16
BRDA:44,0,0,0
BRDA:44,0,1,0
BRDA:23,1,0,1
BRDA:23,1,1,0
BRDA:23,2,0,1
BRDA:23,3,0,1
BRDA:23,3,1,1
BRDA:23,3,2,0
BRDA:23,4,0,1
BRDA:23,4,1,1
BRDA:23,5,0,1
BRDA:23,5,1,1
BRDA:23,5,2,0
BRDA:23,6,0,1
BRDA:23,6,1,1
BRDA:23,7,0,1
BRDA:23,7,1,1
BRDA:23,7,2,0
BRDA:23,8,0,1
BRDA:23,8,1,1
BRF:20
BRH:14
end_of_record
TN:
SF:F:\School\cs410\Project\Cards-Against-Humanity\src\providers\facades\leaderboard-facade.ts
FN:13,(anonymous_2)
FN:17,LeaderboardFacade
FN:22,(anonymous_4)
FN:23,(anonymous_5)
FN:24,(anonymous_6)
FNF:5
FNH:5
FNDA:1,(anonymous_2)
FNDA:2,LeaderboardFacade
FNDA:1,(anonymous_4)
FNDA:1,(anonymous_5)
FNDA:62,(anonymous_6)
DA:1,1
DA:2,1
DA:13,1
DA:18,2
DA:22,1
DA:23,1
DA:24,1
DA:25,62
DA:26,62
DA:27,62
DA:28,49
DA:29,33
DA:31,1
DA:35,1
LF:14
LH:14
BRDA:27,0,0,13
BRDA:27,0,1,49
BRDA:28,1,0,16
BRDA:28,1,1,33
BRF:4
BRH:4
end_of_record
TN:
SF:F:\School\cs410\Project\Cards-Against-Humanity\src\providers\facades\room-facade.ts
FN:18,(anonymous_2)
FN:25,RoomFacade
FN:32,(anonymous_4)
FN:33,(anonymous_5)
FN:39,(anonymous_6)
FN:44,(anonymous_7)
FN:46,(anonymous_8)
FN:52,(anonymous_9)
FN:53,(anonymous_10)
FN:54,(anonymous_11)
FN:62,(anonymous_12)
FN:64,(anonymous_13)
FN:65,(anonymous_14)
FN:67,(anonymous_15)
FN:83,(anonymous_16)
FN:86,(anonymous_17)
FN:90,(anonymous_18)
FN:97,(anonymous_19)
FN:100,(anonymous_20)
FN:107,(anonymous_21)
FN:109,(anonymous_22)
FN:110,(anonymous_23)
FN:119,(anonymous_24)
FN:123,(anonymous_25)
FN:128,(anonymous_26)
FN:129,(anonymous_27)
FN:132,(anonymous_28)
FN:140,(anonymous_29)
FNF:28
FNH:28
FNDA:1,(anonymous_2)
FNDA:5,RoomFacade
FNDA:1,(anonymous_4)
FNDA:1,(anonymous_5)
FNDA:1,(anonymous_6)
FNDA:1,(anonymous_7)
FNDA:1,(anonymous_8)
FNDA:1,(anonymous_9)
FNDA:1,(anonymous_10)
FNDA:65,(anonymous_11)
FNDA:1,(anonymous_12)
FNDA:1,(anonymous_13)
FNDA:1,(anonymous_14)
FNDA:1,(anonymous_15)
FNDA:2,(anonymous_16)
FNDA:1,(anonymous_17)
FNDA:1,(anonymous_18)
FNDA:1,(anonymous_19)
FNDA:1,(anonymous_20)
FNDA:1,(anonymous_21)
FNDA:1,(anonymous_22)
FNDA:2,(anonymous_23)
FNDA:1,(anonymous_24)
FNDA:2,(anonymous_25)
FNDA:2,(anonymous_26)
FNDA:2,(anonymous_27)
FNDA:2,(anonymous_28)
FNDA:2,(anonymous_29)
DA:1,1
DA:2,1
DA:3,1
DA:5,1
DA:6,1
DA:18,1
DA:26,5
DA:27,5
DA:28,5
DA:32,1
DA:33,1
DA:34,1
DA:39,1
DA:40,1
DA:44,1
DA:45,1
DA:46,1
DA:47,1
DA:52,1
DA:53,1
DA:54,1
DA:55,65
DA:56,65
DA:58,1
DA:62,1
DA:63,1
DA:64,1
DA:65,1
DA:67,1
DA:68,1
DA:69,1
DA:70,1
DA:71,0
DA:72,0
DA:75,1
DA:76,1
DA:83,1
DA:84,2
DA:85,2
DA:86,1
DA:87,1
DA:90,1
DA:91,1
DA:97,1
DA:98,1
DA:99,1
DA:100,1
DA:101,1
DA:102,1
DA:107,1
DA:108,1
DA:109,1
DA:110,1
DA:111,2
DA:113,1
DA:114,1
DA:119,1
DA:120,1
DA:123,1
DA:124,2
DA:125,2
DA:127,2
DA:128,2
DA:129,2
DA:130,2
DA:133,2
DA:136,2
DA:137,2
DA:140,2
DA:141,2
DA:142,2
DA:146,1
LF:72
LH:70
BRDA:70,0,0,1
BRDA:70,0,1,0
BRDA:71,1,0,0
BRDA:71,1,1,0
BRDA:85,2,0,1
BRDA:85,2,1,1
BRF:6
BRH:3
end_of_record
TN:
SF:F:\School\cs410\Project\Cards-Against-Humanity\src\providers\facades\user-facade.ts
FN:13,(anonymous_2)
FN:18,UserFacade
FN:22,(anonymous_4)
FN:26,(anonymous_5)
FN:31,(anonymous_6)
FN:36,(anonymous_7)
FN:37,(anonymous_8)
FN:43,(anonymous_9)
FN:48,(anonymous_10)
FN:50,(anonymous_11)
FN:59,(anonymous_12)
FN:61,(anonymous_13)
FN:70,(anonymous_14)
FN:71,(anonymous_15)
FN:77,(anonymous_16)
FN:79,(anonymous_17)
FN:86,(anonymous_18)
FN:88,(anonymous_19)
FNF:18
FNH:18
FNDA:1,(anonymous_2)
FNDA:5,UserFacade
FNDA:5,(anonymous_4)
FNDA:2,(anonymous_5)
FNDA:1,(anonymous_6)
FNDA:1,(anonymous_7)
FNDA:1,(anonymous_8)
FNDA:1,(anonymous_9)
FNDA:1,(anonymous_10)
FNDA:1,(anonymous_11)
FNDA:1,(anonymous_12)
FNDA:1,(anonymous_13)
FNDA:1,(anonymous_14)
FNDA:1,(anonymous_15)
FNDA:1,(anonymous_16)
FNDA:1,(anonymous_17)
FNDA:2,(anonymous_18)
FNDA:2,(anonymous_19)
DA:1,1
DA:2,1
DA:13,1
DA:19,5
DA:22,1
DA:23,5
DA:26,1
DA:27,2
DA:31,1
DA:32,1
DA:36,1
DA:37,1
DA:38,1
DA:43,1
DA:44,1
DA:48,1
DA:49,1
DA:50,1
DA:51,1
DA:52,1
DA:54,1
DA:59,1
DA:60,1
DA:61,1
DA:62,1
DA:63,1
DA:65,1
DA:70,1
DA:71,1
DA:72,1
DA:77,1
DA:78,1
DA:79,1
DA:80,1
DA:81,1
DA:86,1
DA:87,2
DA:88,2
DA:89,2
DA:90,0
DA:92,2
DA:93,2
DA:97,1
LF:43
LH:42
BRDA:51,0,0,1
BRDA:51,0,1,0
BRDA:62,1,0,1
BRDA:62,1,1,0
BRDA:89,2,0,0
BRDA:89,2,1,2
BRF:6
BRH:3
end_of_record
TN:
SF:F:\School\cs410\Project\Cards-Against-Humanity\src\providers\web-services\deck-web-service.ts
FN:17,(anonymous_2)
FN:19,DeckWebService
FN:22,(anonymous_4)
FN:25,(anonymous_5)
FN:98,(anonymous_6)
FN:105,(anonymous_8)
FN:106,(anonymous_9)
FN:109,(anonymous_10)
FN:120,(anonymous_11)
FNF:9
FNH:9
FNDA:1,(anonymous_2)
FNDA:25,DeckWebService
FNDA:17,(anonymous_4)
FNDA:69,(anonymous_5)
FNDA:11,(anonymous_6)
FNDA:15,(anonymous_8)
FNDA:15,(anonymous_9)
FNDA:15,(anonymous_10)
FNDA:11,(anonymous_11)
DA:1,1
DA:3,1
DA:5,1
DA:6,1
DA:17,1
DA:22,1
DA:24,17
DA:25,17
DA:27,69
DA:28,17
DA:29,17
DA:30,17
DA:31,17
DA:32,17
DA:34,17
DA:37,1292
DA:38,1292
DA:39,1292
DA:43,7820
DA:44,7820
DA:47,17
DA:52,52
DA:56,17
DA:57,17
DA:98,1
DA:99,11
DA:100,11
DA:102,11
DA:104,15
DA:105,15
DA:106,15
DA:107,15
DA:110,15
DA:112,15
DA:116,11
DA:117,0
DA:120,11
DA:121,11
DA:126,1
LF:39
LH:38
BRDA:27,0,0,17
BRDA:27,0,1,52
BRDA:27,1,0,69
BRDA:27,1,1,17
BRDA:38,2,0,1292
BRDA:38,2,1,0
BRDA:52,3,0,0
BRDA:52,3,1,52
BRDA:116,4,0,0
BRDA:116,4,1,11
BRF:10
BRH:7
end_of_record
TN:
SF:F:\School\cs410\Project\Cards-Against-Humanity\src\providers\web-services\room-web-service.ts
FN:18,(anonymous_2)
FN:20,RoomWebService
FN:28,(anonymous_4)
FN:33,(anonymous_5)
FN:42,(anonymous_6)
FN:60,(anonymous_7)
FN:92,(anonymous_8)
FN:97,(anonymous_9)
FN:107,(anonymous_10)
FN:121,(anonymous_11)
FN:149,(anonymous_12)
FN:152,(anonymous_13)
FN:160,(anonymous_14)
FN:176,(anonymous_15)
FN:178,(anonymous_16)
FN:197,(anonymous_17)
FN:200,(anonymous_18)
FN:232,(anonymous_19)
FN:236,(anonymous_20)
FN:264,(anonymous_21)
FN:288,(anonymous_22)
FN:303,(anonymous_23)
FN:304,(anonymous_24)
FN:307,(anonymous_25)
FN:315,(anonymous_26)
FN:317,(anonymous_27)
FN:320,(anonymous_28)
FN:325,(anonymous_29)
FN:335,(anonymous_30)
FN:337,(anonymous_31)
FNF:30
FNH:30
FNDA:1,(anonymous_2)
FNDA:26,RoomWebService
FNDA:1,(anonymous_4)
FNDA:1,(anonymous_5)
FNDA:1,(anonymous_6)
FNDA:4,(anonymous_7)
FNDA:1,(anonymous_8)
FNDA:1,(anonymous_9)
FNDA:1,(anonymous_10)
FNDA:4,(anonymous_11)
FNDA:7,(anonymous_12)
FNDA:28,(anonymous_13)
FNDA:7,(anonymous_14)
FNDA:1,(anonymous_15)
FNDA:4,(anonymous_16)
FNDA:1,(anonymous_17)
FNDA:4,(anonymous_18)
FNDA:4,(anonymous_19)
FNDA:4,(anonymous_20)
FNDA:16,(anonymous_21)
FNDA:7,(anonymous_22)
FNDA:7,(anonymous_23)
FNDA:7,(anonymous_24)
FNDA:7,(anonymous_25)
FNDA:7,(anonymous_26)
FNDA:7,(anonymous_27)
FNDA:7,(anonymous_28)
FNDA:7,(anonymous_29)
FNDA:4,(anonymous_30)
FNDA:16,(anonymous_31)
DA:1,1
DA:4,1
DA:6,1
DA:7,1
DA:8,1
DA:18,1
DA:28,1
DA:30,1
DA:32,1
DA:33,1
DA:34,1
DA:37,0
DA:38,0
DA:41,1
DA:42,1
DA:44,1
DA:45,1
DA:46,1
DA:48,1
DA:49,1
DA:50,1
DA:51,1
DA:52,1
DA:54,0
DA:55,0
DA:57,1
DA:59,1
DA:60,1
DA:62,4
DA:63,1
DA:64,1
DA:68,1
DA:72,3
DA:76,1
DA:77,1
DA:78,1
DA:81,0
DA:87,0
DA:92,1
DA:94,1
DA:96,1
DA:97,1
DA:98,1
DA:101,0
DA:102,0
DA:106,1
DA:107,1
DA:108,1
DA:109,1
DA:110,1
DA:111,1
DA:113,0
DA:114,0
DA:116,1
DA:117,2
DA:118,1
DA:121,1
DA:123,4
DA:124,1
DA:125,1
DA:129,1
DA:133,3
DA:137,1
DA:138,1
DA:139,1
DA:144,0
DA:149,1
DA:151,7
DA:152,7
DA:154,28
DA:155,7
DA:158,7
DA:160,7
DA:161,7
DA:167,21
DA:171,7
DA:172,7
DA:176,1
DA:177,1
DA:178,1
DA:180,4
DA:181,1
DA:183,1
DA:188,3
DA:192,1
DA:193,1
DA:197,1
DA:199,1
DA:200,1
DA:202,4
DA:203,1
DA:204,1
DA:205,1
DA:208,1
DA:209,65
DA:210,65
DA:211,65
DA:212,65
DA:213,65
DA:214,65
DA:215,65
DA:216,65
DA:218,1
DA:223,3
DA:227,1
DA:228,1
DA:232,1
DA:235,4
DA:236,4
DA:238,4
DA:241,0
DA:242,0
DA:244,4
DA:248,4
DA:249,4
DA:250,4
DA:251,4
DA:252,4
DA:253,4
DA:255,4
DA:256,0
DA:259,4
DA:263,4
DA:264,4
DA:267,16
DA:268,4
DA:270,4
DA:271,4
DA:276,12
DA:280,4
DA:281,4
DA:283,4
DA:288,1
DA:289,7
DA:290,7
DA:291,7
DA:292,7
DA:293,7
DA:294,7
DA:295,7
DA:296,7
DA:299,7
DA:300,7
DA:303,7
DA:304,7
DA:305,7
DA:308,7
DA:311,7
DA:312,7
DA:315,7
DA:317,7
DA:318,7
DA:321,7
DA:325,7
DA:326,7
DA:331,0
DA:335,1
DA:336,4
DA:337,4
DA:339,16
DA:340,4
DA:343,4
DA:347,12
DA:351,4
DA:352,4
DA:355,1
LF:166
LH:151
BRDA:34,0,0,0
BRDA:34,0,1,1
BRDA:46,1,0,1
BRDA:46,1,1,0
BRDA:52,2,0,0
BRDA:52,2,1,1
BRDA:62,3,0,1
BRDA:62,3,1,3
BRDA:62,4,0,4
BRDA:62,4,1,1
BRDA:72,5,0,0
BRDA:72,5,1,3
BRDA:98,6,0,0
BRDA:98,6,1,1
BRDA:111,7,0,0
BRDA:111,7,1,1
BRDA:117,8,0,1
BRDA:117,8,1,1
BRDA:123,9,0,1
BRDA:123,9,1,3
BRDA:123,10,0,4
BRDA:123,10,1,1
BRDA:133,11,0,0
BRDA:133,11,1,3
BRDA:154,12,0,7
BRDA:154,12,1,21
BRDA:154,13,0,28
BRDA:154,13,1,7
BRDA:167,14,0,0
BRDA:167,14,1,21
BRDA:180,15,0,1
BRDA:180,15,1,3
BRDA:180,16,0,4
BRDA:180,16,1,1
BRDA:188,17,0,0
BRDA:188,17,1,3
BRDA:202,18,0,1
BRDA:202,18,1,3
BRDA:202,19,0,4
BRDA:202,19,1,1
BRDA:223,20,0,0
BRDA:223,20,1,3
BRDA:238,21,0,0
BRDA:238,21,1,4
BRDA:255,22,0,0
BRDA:255,22,1,4
BRDA:267,23,0,4
BRDA:267,23,1,12
BRDA:267,24,0,16
BRDA:267,24,1,4
BRDA:276,25,0,0
BRDA:276,25,1,12
BRDA:339,26,0,4
BRDA:339,26,1,12
BRDA:339,27,0,16
BRDA:339,27,1,4
BRDA:347,28,0,0
BRDA:347,28,1,12
BRF:58
BRH:44
end_of_record
TN:
SF:F:\School\cs410\Project\Cards-Against-Humanity\src\providers\web-services\user-web-service.ts
FN:16,(anonymous_2)
FN:25,UserWebService
FN:29,(anonymous_4)
FN:32,(anonymous_5)
FN:61,(anonymous_6)
FN:63,(anonymous_7)
FN:93,(anonymous_8)
FN:96,(anonymous_9)
FN:110,(anonymous_10)
FN:135,(anonymous_11)
FN:142,(anonymous_12)
FN:167,(anonymous_13)
FN:169,(anonymous_14)
FN:228,(anonymous_15)
FN:230,(anonymous_16)
FN:244,(anonymous_17)
FN:273,(anonymous_18)
FN:275,(anonymous_19)
FN:286,(anonymous_20)
FN:291,(anonymous_21)
FN:300,(anonymous_22)
FN:334,(anonymous_23)
FN:343,(anonymous_24)
FN:355,(anonymous_25)
FN:380,(anonymous_26)
FN:387,(anonymous_27)
FN:398,(anonymous_28)
FN:400,(anonymous_29)
FN:428,(anonymous_30)
FN:434,(anonymous_31)
FN:440,(anonymous_32)
FN:447,(anonymous_34)
FN:448,(anonymous_35)
FN:451,(anonymous_36)
FN:462,(anonymous_37)
FNF:35
FNH:35
FNDA:1,(anonymous_2)
FNDA:117,UserWebService
FNDA:39,(anonymous_4)
FNDA:551,(anonymous_5)
FNDA:55,(anonymous_6)
FNDA:237,(anonymous_7)
FNDA:8,(anonymous_8)
FNDA:8,(anonymous_9)
FNDA:32,(anonymous_10)
FNDA:8,(anonymous_11)
FNDA:34,(anonymous_12)
FNDA:7,(anonymous_13)
FNDA:28,(anonymous_14)
FNDA:2,(anonymous_15)
FNDA:2,(anonymous_16)
FNDA:8,(anonymous_17)
FNDA:12,(anonymous_18)
FNDA:13,(anonymous_19)
FNDA:6,(anonymous_20)
FNDA:2,(anonymous_21)
FNDA:8,(anonymous_22)
FNDA:10,(anonymous_23)
FNDA:40,(anonymous_24)
FNDA:10,(anonymous_25)
FNDA:6,(anonymous_26)
FNDA:6,(anonymous_27)
FNDA:31,(anonymous_28)
FNDA:31,(anonymous_29)
FNDA:2,(anonymous_30)
FNDA:2,(anonymous_31)
FNDA:15,(anonymous_32)
FNDA:31,(anonymous_34)
FNDA:31,(anonymous_35)
FNDA:31,(anonymous_36)
FNDA:15,(anonymous_37)
DA:1,1
DA:2,1
DA:3,1
DA:16,1
DA:19,117
DA:20,117
DA:21,117
DA:22,117
DA:29,1
DA:31,39
DA:32,39
DA:34,551
DA:35,39
DA:36,39
DA:38,39
DA:39,39
DA:40,1639
DA:41,1639
DA:42,1639
DA:44,1639
DA:45,1639
DA:48,39
DA:52,512
DA:56,39
DA:57,39
DA:61,1
DA:62,55
DA:63,55
DA:65,237
DA:66,55
DA:67,55
DA:69,55
DA:70,55
DA:71,55
DA:73,55
DA:75,55
DA:79,55
DA:83,182
DA:87,55
DA:88,55
DA:93,1
DA:96,8
DA:99,8
DA:100,0
DA:101,0
DA:103,8
DA:105,8
DA:109,8
DA:110,8
DA:113,32
DA:114,8
DA:116,8
DA:117,8
DA:120,0
DA:122,24
DA:124,0
DA:127,8
DA:128,8
DA:130,8
DA:135,1
DA:137,8
DA:141,8
DA:142,8
DA:145,34
DA:146,8
DA:148,8
DA:149,8
DA:152,0
DA:154,26
DA:156,0
DA:159,8
DA:160,8
DA:162,8
DA:167,1
DA:168,7
DA:169,7
DA:171,28
DA:172,7
DA:174,7
DA:178,21
DA:182,7
DA:183,7
DA:228,1
DA:230,2
DA:232,2
DA:234,2
DA:235,2
DA:236,2
DA:237,2
DA:238,2
DA:239,2
DA:243,2
DA:244,2
DA:247,8
DA:248,2
DA:250,2
DA:251,2
DA:255,6
DA:259,2
DA:260,2
DA:262,2
DA:265,0
DA:273,1
DA:275,12
DA:276,13
DA:286,1
DA:287,6
DA:291,1
DA:293,2
DA:294,2
DA:295,2
DA:296,2
DA:299,2
DA:300,2
DA:302,8
DA:303,2
DA:305,2
DA:306,2
DA:308,2
DA:309,2
DA:312,2
DA:316,0
DA:320,0
DA:322,6
DA:324,0
DA:327,2
DA:328,2
DA:330,2
DA:334,1
DA:336,10
DA:337,10
DA:338,10
DA:339,10
DA:342,10
DA:343,10
DA:345,40
DA:346,10
DA:348,10
DA:349,10
DA:351,10
DA:352,10
DA:355,10
DA:356,10
DA:361,0
DA:366,0
DA:368,30
DA:370,0
DA:373,10
DA:374,10
DA:376,10
DA:380,1
DA:381,6
DA:383,6
DA:384,0
DA:385,0
DA:387,6
DA:388,6
DA:389,6
DA:392,0
DA:398,1
DA:400,31
DA:402,31
DA:405,425
DA:406,425
DA:407,30
DA:408,30
DA:411,31
DA:414,1
DA:417,30
DA:422,1
DA:428,1
DA:430,2
DA:434,1
DA:436,2
DA:440,1
DA:441,15
DA:442,15
DA:444,15
DA:446,31
DA:447,31
DA:448,31
DA:449,31
DA:452,31
DA:454,31
DA:458,15
DA:459,0
DA:462,15
DA:463,15
DA:467,1
LF:189
LH:172
BRDA:34,0,0,39
BRDA:34,0,1,512
BRDA:34,1,0,551
BRDA:34,1,1,39
BRDA:41,2,0,1639
BRDA:41,2,1,0
BRDA:52,3,0,0
BRDA:52,3,1,512
BRDA:65,4,0,55
BRDA:65,4,1,182
BRDA:65,5,0,237
BRDA:65,5,1,55
BRDA:70,6,0,55
BRDA:70,6,1,0
BRDA:83,7,0,0
BRDA:83,7,1,182
BRDA:99,8,0,0
BRDA:99,8,1,8
BRDA:113,9,0,8
BRDA:113,9,1,24
BRDA:113,10,0,32
BRDA:113,10,1,8
BRDA:122,11,0,0
BRDA:122,11,1,24
BRDA:145,12,0,8
BRDA:145,12,1,26
BRDA:145,13,0,34
BRDA:145,13,1,8
BRDA:154,14,0,0
BRDA:154,14,1,26
BRDA:171,15,0,7
BRDA:171,15,1,21
BRDA:171,16,0,28
BRDA:171,16,1,7
BRDA:178,17,0,0
BRDA:178,17,1,21
BRDA:232,18,0,2
BRDA:232,18,1,0
BRDA:247,19,0,2
BRDA:247,19,1,6
BRDA:247,20,0,8
BRDA:247,20,1,2
BRDA:255,21,0,0
BRDA:255,21,1,6
BRDA:302,22,0,2
BRDA:302,22,1,6
BRDA:302,23,0,8
BRDA:302,23,1,2
BRDA:306,24,0,2
BRDA:306,24,1,0
BRDA:322,25,0,0
BRDA:322,25,1,6
BRDA:345,26,0,10
BRDA:345,26,1,30
BRDA:345,27,0,40
BRDA:345,27,1,10
BRDA:349,28,0,10
BRDA:349,28,1,0
BRDA:368,29,0,0
BRDA:368,29,1,30
BRDA:383,30,0,0
BRDA:383,30,1,6
BRDA:388,31,0,6
BRDA:388,31,1,0
BRDA:406,32,0,30
BRDA:406,32,1,395
BRDA:411,33,0,1
BRDA:411,33,1,30
BRDA:458,34,0,0
BRDA:458,34,1,15
BRF:70
BRH:53
end_of_record
TN:
SF:F:\School\cs410\Project\Cards-Against-Humanity\src\testing\test.ts
FN:27,(anonymous_0)
FNF:1
FNH:1
FNDA:1,(anonymous_0)
DA:5,1
DA:6,1
DA:7,1
DA:8,1
DA:9,1
DA:10,1
DA:13,1
DA:14,1
DA:27,1
DA:31,1
DA:37,1
DA:40,1
DA:43,1
LF:13
LH:13
BRF:0
BRH:0
end_of_record
TN:
SF:F:\School\cs410\Project\Cards-Against-Humanity\src\tools\general-tools.ts
FN:8,(anonymous_0)
FN:12,(anonymous_2)
FN:17,(anonymous_3)
FNF:3
FNH:2
FNDA:1,(anonymous_0)
FNDA:25,(anonymous_2)
FNDA:0,(anonymous_3)
DA:8,1
DA:12,1
DA:13,25
DA:17,1
DA:18,0
DA:19,0
DA:21,0
DA:25,1
LF:8
LH:5
BRDA:19,0,0,0
BRDA:19,0,1,0
BRF:2
BRH:0
end_of_record
